<?xml version="1.0" encoding="UTF-8"?>
<robot generator="Robot 5.0.1 (Python 3.10.12 on win32)" generated="20231118 00:27:18.349" rpa="false" schemaversion="3">
<suite id="s1" name="Hello" source="c:\QAx\projects\walkdog-robot\hello.robot">
<test id="s1-t1" name="Deve mostrar uma mensagem de boas vindas" line="5">
<kw name="Log To Console" library="BuiltIn">
<arg>Hello Robot</arg>
<doc>Logs the given message to the console.</doc>
<status status="PASS" starttime="20231118 00:27:18.443" endtime="20231118 00:27:18.445"/>
</kw>
<status status="PASS" starttime="20231118 00:27:18.440" endtime="20231118 00:27:18.447"/>
</test>
<doc>Meu primeiro teste em Robot Framework</doc>
<status status="PASS" starttime="20231118 00:27:18.383" endtime="20231118 00:27:18.451"/>
</suite>
<statistics>
<total>
<stat pass="1" fail="0" skip="0">All Tests</stat>
</total>
<tag>
</tag>
<suite>
<stat pass="1" fail="0" skip="0" id="s1" name="Hello">Hello</stat>
</suite>
</statistics>
<errors>
</errors>
</robot>
