<?xml version="1.0" encoding="UTF-8"?>
<robot generator="Robot 6.1.1 (Python 3.12.0 on win32)" generated="20231118 02:16:19.886" rpa="false" schemaversion="4">
<suite id="s1" name="Signup" source="C:\QAx\projects\walkdog-robot\signup.robot">
<test id="s1-t1" name="Deve poder cadastrar um novo walker" line="9">
<kw name="New Browser" library="Browser">
<arg>browser=chromium</arg>
<arg>headless=False</arg>
<tag>BrowserControl</tag>
<tag>Setter</tag>
<doc>Create a new playwright Browser with specified options.</doc>
<msg timestamp="20231118 02:16:20.626" level="INFO">{"browser": "chromium", "headless": false, "chromiumSandbox": false, "devtools": false, "handleSIGHUP": true, "handleSIGINT": true, "handleSIGTERM": true, "slowMo": 0.0, "timeout": 30000.0, "tracesDir": "C:\\QAx\\projects\\walkdog-robot\\logs\\browser\\traces\\2f5ff0fe-dd56-4dd3-8f63-381bd7b56a17"}</msg>
<msg timestamp="20231118 02:16:21.432" level="INFO">Successfully created browser with options: {"browser":"chromium","headless":false,"chromiumSandbox":false,"devtools":false,"handleSIGHUP":true,"handleSIGINT":true,"handleSIGTERM":true,"slowMo":0,"timeout":30000,"tracesDir":"C:\\QAx\\projects\\walkdog-robot\\logs\\browser\\traces\\2f5ff0fe-dd56-4dd3-8f63-381bd7b56a17"}</msg>
<status status="PASS" starttime="20231118 02:16:20.625" endtime="20231118 02:16:21.432"/>
</kw>
<kw name="New Page" library="Browser">
<arg>https://walkdog.vercel.app/signup</arg>
<tag>BrowserControl</tag>
<tag>Setter</tag>
<doc>Open a new Page.</doc>
<msg timestamp="20231118 02:16:22.508" level="INFO">Successfully initialized new page object and opened url: https://walkdog.vercel.app/signup</msg>
<msg timestamp="20231118 02:16:22.508" level="INFO">No context was open. New context was automatically opened when this page is created.</msg>
<status status="PASS" starttime="20231118 02:16:21.432" endtime="20231118 02:16:22.508"/>
</kw>
<kw name="Wait For Elements State" library="Browser">
<arg>form h1</arg>
<arg>visible</arg>
<arg>5000</arg>
<tag>PageContent</tag>
<tag>Wait</tag>
<doc>Waits for the element found by ``selector`` to satisfy state option.</doc>
<msg timestamp="20231118 02:16:22.548" level="INFO">Waited for Element with selector form h1 at state visible</msg>
<status status="PASS" starttime="20231118 02:16:22.509" endtime="20231118 02:16:22.549"/>
</kw>
<kw name="Get Text" library="Browser">
<arg>form h1</arg>
<arg>equal</arg>
<arg>Faça seu cadastro</arg>
<tag>Assertion</tag>
<tag>Getter</tag>
<tag>PageContent</tag>
<doc>Returns text attribute of the element found by ``selector``.</doc>
<msg timestamp="20231118 02:16:22.580" level="INFO">Text: 'Faça seu cadastro'</msg>
<status status="PASS" starttime="20231118 02:16:22.549" endtime="20231118 02:16:22.580"/>
</kw>
<kw name="Sleep" library="BuiltIn">
<arg>10</arg>
<doc>Pauses the test executed for the given time.</doc>
<msg timestamp="20231118 02:16:32.581" level="INFO">Slept 10 seconds</msg>
<status status="PASS" starttime="20231118 02:16:22.581" endtime="20231118 02:16:32.581"/>
</kw>
<status status="PASS" starttime="20231118 02:16:20.622" endtime="20231118 02:16:32.581"/>
</test>
<doc>Suite de testes de cadastro de dog walker</doc>
<status status="PASS" starttime="20231118 02:16:19.887" endtime="20231118 02:16:32.702"/>
</suite>
<statistics>
<total>
<stat pass="1" fail="0" skip="0">All Tests</stat>
</total>
<tag>
</tag>
<suite>
<stat pass="1" fail="0" skip="0" id="s1" name="Signup">Signup</stat>
</suite>
</statistics>
<errors>
</errors>
</robot>
